Connecting to database specified by database.yml


Started GET "/assets/rails.png" for 127.0.0.1 at 2013-07-23 13:35:13 -0300
Served asset /rails.png - 304 Not Modified (5ms)
Connecting to database specified by database.yml
Connecting to database specified by database.yml
Connecting to database specified by database.yml
  [1m[36m (0.0ms)[0m  [1mselect sqlite_version(*)[0m
  [1m[35m (154.5ms)[0m  CREATE TABLE "schema_migrations" ("version" varchar(255) NOT NULL) 
  [1m[36m (133.5ms)[0m  [1mCREATE UNIQUE INDEX "unique_schema_migrations" ON "schema_migrations" ("version")[0m
  [1m[35m (1.5ms)[0m  SELECT "schema_migrations"."version" FROM "schema_migrations" 
Migrating to CreatePeople (20130723164126)
  [1m[36m (0.1ms)[0m  [1mbegin transaction[0m
  [1m[35m (0.4ms)[0m  CREATE TABLE "people" ("id" INTEGER PRIMARY KEY AUTOINCREMENT NOT NULL, "name" varchar(50) NOT NULL, "password" varchar(50), "admin" boolean, "created_at" datetime NOT NULL, "updated_at" datetime NOT NULL) 
  [1m[36m (0.1ms)[0m  [1mINSERT INTO "schema_migrations" ("version") VALUES ('20130723164126')[0m
  [1m[35m (137.4ms)[0m  commit transaction
  [1m[36m (0.1ms)[0m  [1mSELECT "schema_migrations"."version" FROM "schema_migrations" [0m


Started GET "/people" for 127.0.0.1 at 2013-07-23 13:52:06 -0300
Processing by PeopleController#index as HTML
  [1m[36mPerson Load (0.1ms)[0m  [1mSELECT "people".* FROM "people" [0m
  Rendered people/index.html.erb within layouts/application (12.7ms)
Compiled people.css  (4ms)  (pid 30599)
Compiled scaffolds.css  (6ms)  (pid 30599)
Compiled application.css  (18ms)  (pid 30599)
Compiled jquery.js  (1ms)  (pid 30599)
Compiled jquery_ujs.js  (0ms)  (pid 30599)
Compiled people.js  (88ms)  (pid 30599)
Compiled application.js  (106ms)  (pid 30599)
Completed 200 OK in 223ms (Views: 190.3ms | ActiveRecord: 1.1ms)


Started GET "/assets/application.css?body=1" for 127.0.0.1 at 2013-07-23 13:52:06 -0300
Served asset /application.css - 304 Not Modified (2ms)


Started GET "/assets/jquery_ujs.js?body=1" for 127.0.0.1 at 2013-07-23 13:52:06 -0300
Served asset /jquery_ujs.js - 304 Not Modified (5ms)


Started GET "/assets/scaffolds.css?body=1" for 127.0.0.1 at 2013-07-23 13:52:06 -0300
Served asset /scaffolds.css - 304 Not Modified (1ms)


Started GET "/assets/people.css?body=1" for 127.0.0.1 at 2013-07-23 13:52:06 -0300
Served asset /people.css - 304 Not Modified (1ms)


Started GET "/assets/people.js?body=1" for 127.0.0.1 at 2013-07-23 13:52:06 -0300
Served asset /people.js - 304 Not Modified (1ms)


Started GET "/assets/jquery.js?body=1" for 127.0.0.1 at 2013-07-23 13:52:06 -0300
Served asset /jquery.js - 304 Not Modified (3ms)


Started GET "/assets/application.js?body=1" for 127.0.0.1 at 2013-07-23 13:52:06 -0300
Served asset /application.js - 304 Not Modified (24ms)


Started GET "/people/new" for 127.0.0.1 at 2013-07-23 13:52:08 -0300
Processing by PeopleController#new as HTML
  Rendered people/_form.html.erb (5.2ms)
  Rendered people/new.html.erb within layouts/application (8.2ms)
Completed 200 OK in 23ms (Views: 15.7ms | ActiveRecord: 0.0ms)


Started GET "/assets/application.css?body=1" for 127.0.0.1 at 2013-07-23 13:52:08 -0300
Served asset /application.css - 304 Not Modified (1ms)


Started GET "/assets/people.css?body=1" for 127.0.0.1 at 2013-07-23 13:52:08 -0300
Served asset /people.css - 304 Not Modified (2ms)


Started GET "/assets/scaffolds.css?body=1" for 127.0.0.1 at 2013-07-23 13:52:08 -0300
Served asset /scaffolds.css - 304 Not Modified (0ms)


Started GET "/assets/jquery.js?body=1" for 127.0.0.1 at 2013-07-23 13:52:08 -0300
Served asset /jquery.js - 304 Not Modified (1ms)


Started GET "/assets/jquery_ujs.js?body=1" for 127.0.0.1 at 2013-07-23 13:52:08 -0300
Served asset /jquery_ujs.js - 304 Not Modified (0ms)


Started GET "/assets/people.js?body=1" for 127.0.0.1 at 2013-07-23 13:52:08 -0300
Served asset /people.js - 304 Not Modified (0ms)


Started GET "/assets/application.js?body=1" for 127.0.0.1 at 2013-07-23 13:52:08 -0300
Served asset /application.js - 304 Not Modified (0ms)


Started POST "/people" for 127.0.0.1 at 2013-07-23 13:57:57 -0300
Processing by PeopleController#create as HTML
  Parameters: {"utf8"=>"✓", "authenticity_token"=>"iiZF/NFRIp9pWq0g+wSkrq7pUW/zrPgU/4r5XQLgfMI=", "person"=>{"name"=>"Diego", "password"=>"[FILTERED]", "admin"=>"1"}, "commit"=>"Create Person"}
  [1m[35m (0.1ms)[0m  begin transaction
  [1m[36mSQL (3.8ms)[0m  [1mINSERT INTO "people" ("admin", "created_at", "name", "password", "updated_at") VALUES (?, ?, ?, ?, ?)[0m  [["admin", true], ["created_at", Tue, 23 Jul 2013 16:57:57 UTC +00:00], ["name", "Diego"], ["password", "123456"], ["updated_at", Tue, 23 Jul 2013 16:57:57 UTC +00:00]]
  [1m[35m (159.8ms)[0m  commit transaction
Redirected to http://localhost:3000/people/1
Completed 302 Found in 169ms (ActiveRecord: 163.6ms)


Started GET "/people/1" for 127.0.0.1 at 2013-07-23 13:57:57 -0300
Processing by PeopleController#show as HTML
  Parameters: {"id"=>"1"}
  [1m[36mPerson Load (0.2ms)[0m  [1mSELECT "people".* FROM "people" WHERE "people"."id" = ? LIMIT 1[0m  [["id", "1"]]
  Rendered people/show.html.erb within layouts/application (0.8ms)
Completed 200 OK in 22ms (Views: 20.9ms | ActiveRecord: 0.2ms)


Started GET "/assets/application.css?body=1" for 127.0.0.1 at 2013-07-23 13:57:57 -0300
Served asset /application.css - 304 Not Modified (0ms)


Started GET "/assets/people.css?body=1" for 127.0.0.1 at 2013-07-23 13:57:57 -0300
Served asset /people.css - 304 Not Modified (0ms)


Started GET "/assets/jquery.js?body=1" for 127.0.0.1 at 2013-07-23 13:57:57 -0300
Served asset /jquery.js - 304 Not Modified (0ms)


Started GET "/assets/jquery_ujs.js?body=1" for 127.0.0.1 at 2013-07-23 13:57:57 -0300
Served asset /jquery_ujs.js - 304 Not Modified (0ms)


Started GET "/assets/people.js?body=1" for 127.0.0.1 at 2013-07-23 13:57:57 -0300
Served asset /people.js - 304 Not Modified (0ms)


Started GET "/assets/scaffolds.css?body=1" for 127.0.0.1 at 2013-07-23 13:57:57 -0300
Served asset /scaffolds.css - 304 Not Modified (0ms)


Started GET "/assets/application.js?body=1" for 127.0.0.1 at 2013-07-23 13:57:57 -0300
Served asset /application.js - 304 Not Modified (0ms)


Started GET "/people" for 127.0.0.1 at 2013-07-23 13:58:06 -0300
Processing by PeopleController#index as HTML
  [1m[35mPerson Load (0.2ms)[0m  SELECT "people".* FROM "people" 
  Rendered people/index.html.erb within layouts/application (1.6ms)
Completed 200 OK in 13ms (Views: 11.3ms | ActiveRecord: 0.2ms)


Started GET "/assets/application.css?body=1" for 127.0.0.1 at 2013-07-23 13:58:06 -0300
Served asset /application.css - 304 Not Modified (8ms)


Started GET "/assets/scaffolds.css?body=1" for 127.0.0.1 at 2013-07-23 13:58:06 -0300
Served asset /scaffolds.css - 304 Not Modified (0ms)


Started GET "/assets/people.css?body=1" for 127.0.0.1 at 2013-07-23 13:58:06 -0300
Served asset /people.css - 304 Not Modified (2ms)


Started GET "/assets/jquery_ujs.js?body=1" for 127.0.0.1 at 2013-07-23 13:58:07 -0300
Served asset /jquery_ujs.js - 304 Not Modified (0ms)


Started GET "/assets/jquery.js?body=1" for 127.0.0.1 at 2013-07-23 13:58:07 -0300
Served asset /jquery.js - 304 Not Modified (1ms)


Started GET "/assets/people.js?body=1" for 127.0.0.1 at 2013-07-23 13:58:07 -0300
Served asset /people.js - 304 Not Modified (0ms)


Started GET "/assets/application.js?body=1" for 127.0.0.1 at 2013-07-23 13:58:07 -0300
Served asset /application.js - 304 Not Modified (1ms)


Started GET "/people/new" for 127.0.0.1 at 2013-07-23 13:58:17 -0300
Processing by PeopleController#new as HTML
  Rendered people/_form.html.erb (2.9ms)
  Rendered people/new.html.erb within layouts/application (3.7ms)
Completed 200 OK in 12ms (Views: 11.4ms | ActiveRecord: 0.0ms)


Started GET "/assets/application.css?body=1" for 127.0.0.1 at 2013-07-23 13:58:17 -0300
Served asset /application.css - 304 Not Modified (4ms)


Started GET "/assets/people.css?body=1" for 127.0.0.1 at 2013-07-23 13:58:17 -0300
Served asset /people.css - 304 Not Modified (0ms)


Started GET "/assets/jquery.js?body=1" for 127.0.0.1 at 2013-07-23 13:58:17 -0300
Served asset /jquery.js - 304 Not Modified (2ms)


Started GET "/assets/people.js?body=1" for 127.0.0.1 at 2013-07-23 13:58:17 -0300
Served asset /people.js - 304 Not Modified (0ms)


Started GET "/assets/scaffolds.css?body=1" for 127.0.0.1 at 2013-07-23 13:58:17 -0300
Served asset /scaffolds.css - 304 Not Modified (0ms)


Started GET "/assets/jquery_ujs.js?body=1" for 127.0.0.1 at 2013-07-23 13:58:17 -0300
Served asset /jquery_ujs.js - 304 Not Modified (0ms)


Started GET "/assets/application.js?body=1" for 127.0.0.1 at 2013-07-23 13:58:17 -0300
Served asset /application.js - 304 Not Modified (1ms)


Started POST "/people" for 127.0.0.1 at 2013-07-23 13:58:28 -0300
Processing by PeopleController#create as HTML
  Parameters: {"utf8"=>"✓", "authenticity_token"=>"iiZF/NFRIp9pWq0g+wSkrq7pUW/zrPgU/4r5XQLgfMI=", "person"=>{"name"=>"Diego teste", "password"=>"[FILTERED]", "admin"=>"0"}, "commit"=>"Create Person"}
  [1m[36m (0.1ms)[0m  [1mbegin transaction[0m
  [1m[35mSQL (0.4ms)[0m  INSERT INTO "people" ("admin", "created_at", "name", "password", "updated_at") VALUES (?, ?, ?, ?, ?)  [["admin", false], ["created_at", Tue, 23 Jul 2013 16:58:28 UTC +00:00], ["name", "Diego teste"], ["password", "123456"], ["updated_at", Tue, 23 Jul 2013 16:58:28 UTC +00:00]]
  [1m[36m (148.4ms)[0m  [1mcommit transaction[0m
Redirected to http://localhost:3000/people/2
Completed 302 Found in 152ms (ActiveRecord: 148.9ms)


Started GET "/people/2" for 127.0.0.1 at 2013-07-23 13:58:28 -0300
Processing by PeopleController#show as HTML
  Parameters: {"id"=>"2"}
  [1m[35mPerson Load (0.1ms)[0m  SELECT "people".* FROM "people" WHERE "people"."id" = ? LIMIT 1  [["id", "2"]]
  Rendered people/show.html.erb within layouts/application (0.7ms)
Completed 200 OK in 13ms (Views: 12.3ms | ActiveRecord: 0.1ms)


Started GET "/assets/application.css?body=1" for 127.0.0.1 at 2013-07-23 13:58:29 -0300
Served asset /application.css - 304 Not Modified (2ms)


Started GET "/assets/people.css?body=1" for 127.0.0.1 at 2013-07-23 13:58:29 -0300
Served asset /people.css - 304 Not Modified (0ms)


Started GET "/assets/scaffolds.css?body=1" for 127.0.0.1 at 2013-07-23 13:58:29 -0300
Served asset /scaffolds.css - 304 Not Modified (0ms)


Started GET "/assets/jquery_ujs.js?body=1" for 127.0.0.1 at 2013-07-23 13:58:29 -0300
Served asset /jquery_ujs.js - 304 Not Modified (0ms)


Started GET "/assets/jquery.js?body=1" for 127.0.0.1 at 2013-07-23 13:58:29 -0300
Served asset /jquery.js - 304 Not Modified (1ms)


Started GET "/assets/people.js?body=1" for 127.0.0.1 at 2013-07-23 13:58:29 -0300
Served asset /people.js - 304 Not Modified (0ms)


Started GET "/assets/application.js?body=1" for 127.0.0.1 at 2013-07-23 13:58:29 -0300
Served asset /application.js - 304 Not Modified (1ms)


Started GET "/people" for 127.0.0.1 at 2013-07-23 13:58:30 -0300
Processing by PeopleController#index as HTML
  [1m[36mPerson Load (0.2ms)[0m  [1mSELECT "people".* FROM "people" [0m
  Rendered people/index.html.erb within layouts/application (2.5ms)
Completed 200 OK in 24ms (Views: 23.4ms | ActiveRecord: 0.2ms)


Started GET "/assets/application.css?body=1" for 127.0.0.1 at 2013-07-23 13:58:30 -0300
Served asset /application.css - 304 Not Modified (0ms)


Started GET "/assets/people.css?body=1" for 127.0.0.1 at 2013-07-23 13:58:30 -0300
Served asset /people.css - 304 Not Modified (0ms)


Started GET "/assets/jquery.js?body=1" for 127.0.0.1 at 2013-07-23 13:58:30 -0300
Served asset /jquery.js - 304 Not Modified (0ms)


Started GET "/assets/jquery_ujs.js?body=1" for 127.0.0.1 at 2013-07-23 13:58:30 -0300
Served asset /jquery_ujs.js - 304 Not Modified (0ms)


Started GET "/assets/people.js?body=1" for 127.0.0.1 at 2013-07-23 13:58:30 -0300
Served asset /people.js - 304 Not Modified (0ms)


Started GET "/assets/scaffolds.css?body=1" for 127.0.0.1 at 2013-07-23 13:58:30 -0300
Served asset /scaffolds.css - 304 Not Modified (0ms)


Started GET "/assets/application.js?body=1" for 127.0.0.1 at 2013-07-23 13:58:30 -0300
Served asset /application.js - 304 Not Modified (0ms)


Started GET "/people/2" for 127.0.0.1 at 2013-07-23 13:58:41 -0300
Processing by PeopleController#show as HTML
  Parameters: {"id"=>"2"}
  [1m[35mPerson Load (0.1ms)[0m  SELECT "people".* FROM "people" WHERE "people"."id" = ? LIMIT 1  [["id", "2"]]
  Rendered people/show.html.erb within layouts/application (18.2ms)
Completed 200 OK in 28ms (Views: 26.4ms | ActiveRecord: 0.1ms)


Started GET "/assets/application.css?body=1" for 127.0.0.1 at 2013-07-23 13:58:41 -0300
Served asset /application.css - 304 Not Modified (2ms)


Started GET "/assets/people.css?body=1" for 127.0.0.1 at 2013-07-23 13:58:41 -0300
Served asset /people.css - 304 Not Modified (0ms)


Started GET "/assets/jquery_ujs.js?body=1" for 127.0.0.1 at 2013-07-23 13:58:41 -0300
Served asset /jquery_ujs.js - 304 Not Modified (0ms)


Started GET "/assets/jquery.js?body=1" for 127.0.0.1 at 2013-07-23 13:58:41 -0300
Served asset /jquery.js - 304 Not Modified (1ms)


Started GET "/assets/scaffolds.css?body=1" for 127.0.0.1 at 2013-07-23 13:58:41 -0300
Served asset /scaffolds.css - 304 Not Modified (0ms)


Started GET "/assets/people.js?body=1" for 127.0.0.1 at 2013-07-23 13:58:41 -0300
Served asset /people.js - 304 Not Modified (0ms)


Started GET "/assets/application.js?body=1" for 127.0.0.1 at 2013-07-23 13:58:41 -0300
Served asset /application.js - 304 Not Modified (1ms)


Started GET "/people" for 127.0.0.1 at 2013-07-23 13:58:44 -0300
Processing by PeopleController#index as HTML
  [1m[36mPerson Load (0.2ms)[0m  [1mSELECT "people".* FROM "people" [0m
  Rendered people/index.html.erb within layouts/application (2.6ms)
Completed 200 OK in 19ms (Views: 17.4ms | ActiveRecord: 0.2ms)


Started GET "/assets/application.css?body=1" for 127.0.0.1 at 2013-07-23 13:58:44 -0300
Served asset /application.css - 304 Not Modified (2ms)


Started GET "/assets/people.css?body=1" for 127.0.0.1 at 2013-07-23 13:58:44 -0300
Served asset /people.css - 304 Not Modified (0ms)


Started GET "/assets/scaffolds.css?body=1" for 127.0.0.1 at 2013-07-23 13:58:44 -0300
Served asset /scaffolds.css - 304 Not Modified (0ms)


Started GET "/assets/jquery.js?body=1" for 127.0.0.1 at 2013-07-23 13:58:44 -0300
Served asset /jquery.js - 304 Not Modified (1ms)


Started GET "/assets/jquery_ujs.js?body=1" for 127.0.0.1 at 2013-07-23 13:58:44 -0300
Served asset /jquery_ujs.js - 304 Not Modified (0ms)


Started GET "/assets/people.js?body=1" for 127.0.0.1 at 2013-07-23 13:58:44 -0300
Served asset /people.js - 304 Not Modified (0ms)


Started GET "/assets/application.js?body=1" for 127.0.0.1 at 2013-07-23 13:58:44 -0300
Served asset /application.js - 304 Not Modified (0ms)
Connecting to database specified by database.yml
Connecting to database specified by database.yml
Connecting to database specified by database.yml
Connecting to database specified by database.yml
Connecting to database specified by database.yml
Connecting to database specified by database.yml
Connecting to database specified by database.yml
  [1m[36m (10.7ms)[0m  [1mSELECT "schema_migrations"."version" FROM "schema_migrations" [0m
  [1m[35m (0.1ms)[0m  select sqlite_version(*)
  [1m[36m (149.9ms)[0m  [1mCREATE TABLE "people" ("id" INTEGER PRIMARY KEY AUTOINCREMENT NOT NULL, "name" varchar(50) NOT NULL, "password" varchar(50), "admin" boolean, "created_at" datetime NOT NULL, "updated_at" datetime NOT NULL) [0m
  [1m[35m (133.5ms)[0m  CREATE TABLE "schema_migrations" ("version" varchar(255) NOT NULL) 
  [1m[36m (133.7ms)[0m  [1mCREATE UNIQUE INDEX "unique_schema_migrations" ON "schema_migrations" ("version")[0m
  [1m[35m (0.1ms)[0m  SELECT version FROM "schema_migrations"
  [1m[36m (133.2ms)[0m  [1mINSERT INTO "schema_migrations" (version) VALUES ('20130723164126')[0m
Connecting to database specified by database.yml
  [1m[36m (0.7ms)[0m  [1mSELECT "schema_migrations"."version" FROM "schema_migrations" [0m
  [1m[35m (0.1ms)[0m  select sqlite_version(*)
  [1m[36m (156.6ms)[0m  [1mCREATE TABLE "people" ("id" INTEGER PRIMARY KEY AUTOINCREMENT NOT NULL, "name" varchar(50) NOT NULL, "password" varchar(50), "admin" boolean, "created_at" datetime NOT NULL, "updated_at" datetime NOT NULL) [0m
  [1m[35m (133.2ms)[0m  CREATE TABLE "schema_migrations" ("version" varchar(255) NOT NULL) 
  [1m[36m (133.7ms)[0m  [1mCREATE UNIQUE INDEX "unique_schema_migrations" ON "schema_migrations" ("version")[0m
  [1m[35m (0.1ms)[0m  SELECT version FROM "schema_migrations"
  [1m[36m (133.2ms)[0m  [1mINSERT INTO "schema_migrations" (version) VALUES ('20130723164126')[0m
Connecting to database specified by database.yml
  [1m[36m (0.7ms)[0m  [1mSELECT "schema_migrations"."version" FROM "schema_migrations" [0m
  [1m[35m (0.2ms)[0m  select sqlite_version(*)
  [1m[36m (161.3ms)[0m  [1mCREATE TABLE "people" ("id" INTEGER PRIMARY KEY AUTOINCREMENT NOT NULL, "name" varchar(50) NOT NULL, "password" varchar(50), "admin" boolean, "created_at" datetime NOT NULL, "updated_at" datetime NOT NULL) [0m
  [1m[35m (142.8ms)[0m  CREATE TABLE "schema_migrations" ("version" varchar(255) NOT NULL) 
  [1m[36m (142.0ms)[0m  [1mCREATE UNIQUE INDEX "unique_schema_migrations" ON "schema_migrations" ("version")[0m
  [1m[35m (0.1ms)[0m  SELECT version FROM "schema_migrations"
  [1m[36m (141.6ms)[0m  [1mINSERT INTO "schema_migrations" (version) VALUES ('20130723164126')[0m
Connecting to database specified by database.yml
Connecting to database specified by database.yml
  [1m[36m (0.7ms)[0m  [1mSELECT "schema_migrations"."version" FROM "schema_migrations" [0m
  [1m[35m (0.1ms)[0m  select sqlite_version(*)
  [1m[36m (161.3ms)[0m  [1mCREATE TABLE "people" ("id" INTEGER PRIMARY KEY AUTOINCREMENT NOT NULL, "name" varchar(50) NOT NULL, "password" varchar(50), "admin" boolean, "created_at" datetime NOT NULL, "updated_at" datetime NOT NULL) [0m
  [1m[35m (133.2ms)[0m  CREATE TABLE "schema_migrations" ("version" varchar(255) NOT NULL) 
  [1m[36m (133.6ms)[0m  [1mCREATE UNIQUE INDEX "unique_schema_migrations" ON "schema_migrations" ("version")[0m
  [1m[35m (0.1ms)[0m  SELECT version FROM "schema_migrations"
  [1m[36m (133.2ms)[0m  [1mINSERT INTO "schema_migrations" (version) VALUES ('20130723164126')[0m
Connecting to database specified by database.yml
  [1m[36m (0.7ms)[0m  [1mSELECT "schema_migrations"."version" FROM "schema_migrations" [0m
  [1m[35m (0.1ms)[0m  select sqlite_version(*)
  [1m[36m (179.1ms)[0m  [1mCREATE TABLE "people" ("id" INTEGER PRIMARY KEY AUTOINCREMENT NOT NULL, "name" varchar(50) NOT NULL, "password" varchar(50), "admin" boolean, "created_at" datetime NOT NULL, "updated_at" datetime NOT NULL) [0m
  [1m[35m (133.3ms)[0m  CREATE TABLE "schema_migrations" ("version" varchar(255) NOT NULL) 
  [1m[36m (141.9ms)[0m  [1mCREATE UNIQUE INDEX "unique_schema_migrations" ON "schema_migrations" ("version")[0m
  [1m[35m (0.1ms)[0m  SELECT version FROM "schema_migrations"
  [1m[36m (141.6ms)[0m  [1mINSERT INTO "schema_migrations" (version) VALUES ('20130723164126')[0m
Connecting to database specified by database.yml
Connecting to database specified by database.yml
  [1m[36m (0.7ms)[0m  [1mSELECT "schema_migrations"."version" FROM "schema_migrations" [0m
  [1m[35m (0.1ms)[0m  select sqlite_version(*)
  [1m[36m (179.9ms)[0m  [1mCREATE TABLE "people" ("id" INTEGER PRIMARY KEY AUTOINCREMENT NOT NULL, "name" varchar(50) NOT NULL, "password" varchar(50), "admin" boolean, "created_at" datetime NOT NULL, "updated_at" datetime NOT NULL) [0m
  [1m[35m (141.6ms)[0m  CREATE TABLE "schema_migrations" ("version" varchar(255) NOT NULL) 
  [1m[36m (142.0ms)[0m  [1mCREATE UNIQUE INDEX "unique_schema_migrations" ON "schema_migrations" ("version")[0m
  [1m[35m (0.1ms)[0m  SELECT version FROM "schema_migrations"
  [1m[36m (149.9ms)[0m  [1mINSERT INTO "schema_migrations" (version) VALUES ('20130723164126')[0m


Started GET "/assets/rails.png" for 127.0.0.1 at 2013-07-23 14:57:47 -0300
Served asset /rails.png - 304 Not Modified (1ms)


Started GET "/people" for 127.0.0.1 at 2013-07-23 14:57:53 -0300
Processing by PeopleController#index as HTML
  [1m[36mPerson Load (0.1ms)[0m  [1mSELECT "people".* FROM "people" [0m
  Rendered people/index.html.erb within layouts/application (3.5ms)
Completed 200 OK in 72ms (Views: 32.4ms | ActiveRecord: 1.2ms)


Started GET "/assets/application.css?body=1" for 127.0.0.1 at 2013-07-23 14:57:53 -0300
Served asset /application.css - 304 Not Modified (2ms)


Started GET "/assets/people.css?body=1" for 127.0.0.1 at 2013-07-23 14:57:53 -0300
Served asset /people.css - 304 Not Modified (7ms)


Started GET "/assets/jquery.js?body=1" for 127.0.0.1 at 2013-07-23 14:57:53 -0300
Served asset /jquery.js - 304 Not Modified (3ms)


Started GET "/assets/scaffolds.css?body=1" for 127.0.0.1 at 2013-07-23 14:57:53 -0300
Served asset /scaffolds.css - 304 Not Modified (1ms)


Started GET "/assets/people.js?body=1" for 127.0.0.1 at 2013-07-23 14:57:53 -0300
Served asset /people.js - 304 Not Modified (1ms)


Started GET "/assets/jquery_ujs.js?body=1" for 127.0.0.1 at 2013-07-23 14:57:53 -0300
Served asset /jquery_ujs.js - 304 Not Modified (1ms)


Started GET "/assets/application.js?body=1" for 127.0.0.1 at 2013-07-23 14:57:53 -0300
Served asset /application.js - 304 Not Modified (5ms)


Started GET "/people/new" for 127.0.0.1 at 2013-07-23 14:57:57 -0300
Processing by PeopleController#new as HTML
  Rendered people/_form.html.erb (4.3ms)
  Rendered people/new.html.erb within layouts/application (8.7ms)
Completed 200 OK in 30ms (Views: 29.0ms | ActiveRecord: 0.0ms)


Started GET "/assets/application.css?body=1" for 127.0.0.1 at 2013-07-23 14:57:57 -0300
Served asset /application.css - 304 Not Modified (8ms)


Started GET "/assets/jquery.js?body=1" for 127.0.0.1 at 2013-07-23 14:57:57 -0300
Served asset /jquery.js - 304 Not Modified (5ms)


Started GET "/assets/people.css?body=1" for 127.0.0.1 at 2013-07-23 14:57:57 -0300
Served asset /people.css - 304 Not Modified (0ms)


Started GET "/assets/scaffolds.css?body=1" for 127.0.0.1 at 2013-07-23 14:57:57 -0300
Served asset /scaffolds.css - 304 Not Modified (0ms)


Started GET "/assets/jquery_ujs.js?body=1" for 127.0.0.1 at 2013-07-23 14:57:57 -0300
Served asset /jquery_ujs.js - 304 Not Modified (0ms)


Started GET "/assets/people.js?body=1" for 127.0.0.1 at 2013-07-23 14:57:57 -0300
Served asset /people.js - 304 Not Modified (0ms)


Started GET "/assets/application.js?body=1" for 127.0.0.1 at 2013-07-23 14:57:57 -0300
Served asset /application.js - 304 Not Modified (1ms)


Started GET "/people" for 127.0.0.1 at 2013-07-23 14:57:59 -0300
Processing by PeopleController#index as HTML
  [1m[35mPerson Load (0.2ms)[0m  SELECT "people".* FROM "people" 
  Rendered people/index.html.erb within layouts/application (2.5ms)
Completed 200 OK in 12ms (Views: 11.0ms | ActiveRecord: 0.2ms)


Started GET "/assets/application.css?body=1" for 127.0.0.1 at 2013-07-23 14:57:59 -0300
Served asset /application.css - 304 Not Modified (0ms)


Started GET "/assets/people.css?body=1" for 127.0.0.1 at 2013-07-23 14:57:59 -0300
Served asset /people.css - 304 Not Modified (0ms)


Started GET "/assets/scaffolds.css?body=1" for 127.0.0.1 at 2013-07-23 14:57:59 -0300
Served asset /scaffolds.css - 304 Not Modified (3ms)


Started GET "/assets/jquery.js?body=1" for 127.0.0.1 at 2013-07-23 14:57:59 -0300
Served asset /jquery.js - 304 Not Modified (1ms)


Started GET "/assets/jquery_ujs.js?body=1" for 127.0.0.1 at 2013-07-23 14:57:59 -0300
Served asset /jquery_ujs.js - 304 Not Modified (0ms)


Started GET "/assets/application.js?body=1" for 127.0.0.1 at 2013-07-23 14:57:59 -0300
Served asset /application.js - 304 Not Modified (0ms)


Started GET "/assets/people.js?body=1" for 127.0.0.1 at 2013-07-23 14:57:59 -0300
Served asset /people.js - 304 Not Modified (0ms)


Started GET "/people/2/edit" for 127.0.0.1 at 2013-07-23 14:58:01 -0300
Processing by PeopleController#edit as HTML
  Parameters: {"id"=>"2"}
  [1m[36mPerson Load (0.3ms)[0m  [1mSELECT "people".* FROM "people" WHERE "people"."id" = ? LIMIT 1[0m  [["id", "2"]]
  Rendered people/_form.html.erb (2.7ms)
  Rendered people/edit.html.erb within layouts/application (4.1ms)
Completed 200 OK in 25ms (Views: 22.8ms | ActiveRecord: 0.3ms)


Started GET "/assets/application.css?body=1" for 127.0.0.1 at 2013-07-23 14:58:01 -0300
Served asset /application.css - 304 Not Modified (3ms)


Started GET "/assets/people.css?body=1" for 127.0.0.1 at 2013-07-23 14:58:01 -0300
Served asset /people.css - 304 Not Modified (0ms)


Started GET "/assets/jquery.js?body=1" for 127.0.0.1 at 2013-07-23 14:58:01 -0300
Served asset /jquery.js - 304 Not Modified (5ms)


Started GET "/assets/people.js?body=1" for 127.0.0.1 at 2013-07-23 14:58:01 -0300
Served asset /people.js - 304 Not Modified (0ms)


Started GET "/assets/application.js?body=1" for 127.0.0.1 at 2013-07-23 14:58:01 -0300
Served asset /application.js - 304 Not Modified (1ms)


Started GET "/assets/scaffolds.css?body=1" for 127.0.0.1 at 2013-07-23 14:58:01 -0300
Served asset /scaffolds.css - 304 Not Modified (0ms)


Started GET "/assets/jquery_ujs.js?body=1" for 127.0.0.1 at 2013-07-23 14:58:01 -0300
Served asset /jquery_ujs.js - 304 Not Modified (0ms)


Started PUT "/people/2" for 127.0.0.1 at 2013-07-23 14:58:06 -0300
Processing by PeopleController#update as HTML
  Parameters: {"utf8"=>"✓", "authenticity_token"=>"iiZF/NFRIp9pWq0g+wSkrq7pUW/zrPgU/4r5XQLgfMI=", "person"=>{"name"=>"Diego teste", "password"=>"[FILTERED]", "admin"=>"0"}, "commit"=>"Update Person", "id"=>"2"}
  [1m[35mPerson Load (0.1ms)[0m  SELECT "people".* FROM "people" WHERE "people"."id" = ? LIMIT 1  [["id", "2"]]
  [1m[36m (0.1ms)[0m  [1mbegin transaction[0m
  [1m[35m (0.8ms)[0m  UPDATE "people" SET "password" = '', "updated_at" = '2013-07-23 17:58:06.624623' WHERE "people"."id" = 2
  [1m[36m (145.3ms)[0m  [1mcommit transaction[0m
Redirected to http://localhost:3000/people/2
Completed 302 Found in 175ms (ActiveRecord: 146.3ms)


Started GET "/people/2" for 127.0.0.1 at 2013-07-23 14:58:06 -0300
Processing by PeopleController#show as HTML
  Parameters: {"id"=>"2"}
  [1m[35mPerson Load (0.1ms)[0m  SELECT "people".* FROM "people" WHERE "people"."id" = ? LIMIT 1  [["id", "2"]]
  Rendered people/show.html.erb within layouts/application (0.8ms)
Completed 200 OK in 12ms (Views: 9.8ms | ActiveRecord: 0.1ms)


Started GET "/assets/application.css?body=1" for 127.0.0.1 at 2013-07-23 14:58:06 -0300
Served asset /application.css - 304 Not Modified (3ms)


Started GET "/assets/people.js?body=1" for 127.0.0.1 at 2013-07-23 14:58:06 -0300
Served asset /people.js - 304 Not Modified (0ms)


Started GET "/assets/people.css?body=1" for 127.0.0.1 at 2013-07-23 14:58:06 -0300
Served asset /people.css - 304 Not Modified (0ms)


Started GET "/assets/jquery.js?body=1" for 127.0.0.1 at 2013-07-23 14:58:06 -0300
Served asset /jquery.js - 304 Not Modified (0ms)


Started GET "/assets/scaffolds.css?body=1" for 127.0.0.1 at 2013-07-23 14:58:06 -0300
Served asset /scaffolds.css - 304 Not Modified (0ms)


Started GET "/assets/jquery_ujs.js?body=1" for 127.0.0.1 at 2013-07-23 14:58:06 -0300
Served asset /jquery_ujs.js - 304 Not Modified (0ms)


Started GET "/assets/application.js?body=1" for 127.0.0.1 at 2013-07-23 14:58:06 -0300
Served asset /application.js - 304 Not Modified (0ms)


Started GET "/people" for 127.0.0.1 at 2013-07-23 14:58:10 -0300
Processing by PeopleController#index as HTML
  [1m[36mPerson Load (0.2ms)[0m  [1mSELECT "people".* FROM "people" [0m
  Rendered people/index.html.erb within layouts/application (2.5ms)
Completed 200 OK in 15ms (Views: 13.7ms | ActiveRecord: 0.2ms)


Started GET "/assets/application.css?body=1" for 127.0.0.1 at 2013-07-23 14:58:10 -0300
Served asset /application.css - 304 Not Modified (2ms)


Started GET "/assets/people.css?body=1" for 127.0.0.1 at 2013-07-23 14:58:10 -0300
Served asset /people.css - 304 Not Modified (0ms)


Started GET "/assets/scaffolds.css?body=1" for 127.0.0.1 at 2013-07-23 14:58:10 -0300
Served asset /scaffolds.css - 304 Not Modified (0ms)


Started GET "/assets/jquery.js?body=1" for 127.0.0.1 at 2013-07-23 14:58:10 -0300
Served asset /jquery.js - 304 Not Modified (3ms)


Started GET "/assets/jquery_ujs.js?body=1" for 127.0.0.1 at 2013-07-23 14:58:10 -0300
Served asset /jquery_ujs.js - 304 Not Modified (0ms)


Started GET "/assets/people.js?body=1" for 127.0.0.1 at 2013-07-23 14:58:10 -0300
Served asset /people.js - 304 Not Modified (0ms)


Started GET "/assets/application.js?body=1" for 127.0.0.1 at 2013-07-23 14:58:10 -0300
Served asset /application.js - 304 Not Modified (1ms)


Started GET "/people/2/edit" for 127.0.0.1 at 2013-07-23 14:58:12 -0300
Processing by PeopleController#edit as HTML
  Parameters: {"id"=>"2"}
  [1m[35mPerson Load (0.1ms)[0m  SELECT "people".* FROM "people" WHERE "people"."id" = ? LIMIT 1  [["id", "2"]]
  Rendered people/_form.html.erb (1.6ms)
  Rendered people/edit.html.erb within layouts/application (2.2ms)
Completed 200 OK in 11ms (Views: 10.4ms | ActiveRecord: 0.1ms)


Started GET "/assets/application.css?body=1" for 127.0.0.1 at 2013-07-23 14:58:12 -0300
Served asset /application.css - 304 Not Modified (1ms)


Started GET "/assets/scaffolds.css?body=1" for 127.0.0.1 at 2013-07-23 14:58:12 -0300
Served asset /scaffolds.css - 304 Not Modified (0ms)


Started GET "/assets/people.css?body=1" for 127.0.0.1 at 2013-07-23 14:58:12 -0300
Served asset /people.css - 304 Not Modified (2ms)


Started GET "/assets/people.js?body=1" for 127.0.0.1 at 2013-07-23 14:58:12 -0300
Served asset /people.js - 304 Not Modified (0ms)


Started GET "/assets/jquery.js?body=1" for 127.0.0.1 at 2013-07-23 14:58:12 -0300
Served asset /jquery.js - 304 Not Modified (1ms)


Started GET "/assets/jquery_ujs.js?body=1" for 127.0.0.1 at 2013-07-23 14:58:12 -0300
Served asset /jquery_ujs.js - 304 Not Modified (0ms)


Started GET "/assets/application.js?body=1" for 127.0.0.1 at 2013-07-23 14:58:12 -0300
Served asset /application.js - 304 Not Modified (17ms)


Started PUT "/people/2" for 127.0.0.1 at 2013-07-23 14:58:19 -0300
Processing by PeopleController#update as HTML
  Parameters: {"utf8"=>"✓", "authenticity_token"=>"iiZF/NFRIp9pWq0g+wSkrq7pUW/zrPgU/4r5XQLgfMI=", "person"=>{"name"=>"", "password"=>"[FILTERED]", "admin"=>"0"}, "commit"=>"Update Person", "id"=>"2"}
  [1m[36mPerson Load (0.1ms)[0m  [1mSELECT "people".* FROM "people" WHERE "people"."id" = ? LIMIT 1[0m  [["id", "2"]]
  [1m[35m (0.1ms)[0m  begin transaction
  [1m[36m (0.1ms)[0m  [1mrollback transaction[0m
  Rendered people/_form.html.erb (3.7ms)
  Rendered people/edit.html.erb within layouts/application (4.6ms)
Completed 200 OK in 17ms (Views: 13.3ms | ActiveRecord: 0.2ms)


Started GET "/assets/application.css?body=1" for 127.0.0.1 at 2013-07-23 14:58:19 -0300
Served asset /application.css - 304 Not Modified (2ms)


Started GET "/assets/scaffolds.css?body=1" for 127.0.0.1 at 2013-07-23 14:58:19 -0300
Served asset /scaffolds.css - 304 Not Modified (0ms)


Started GET "/assets/jquery.js?body=1" for 127.0.0.1 at 2013-07-23 14:58:19 -0300
Served asset /jquery.js - 304 Not Modified (3ms)


Started GET "/assets/jquery_ujs.js?body=1" for 127.0.0.1 at 2013-07-23 14:58:19 -0300
Served asset /jquery_ujs.js - 304 Not Modified (0ms)


Started GET "/assets/people.js?body=1" for 127.0.0.1 at 2013-07-23 14:58:19 -0300
Served asset /people.js - 304 Not Modified (0ms)


Started GET "/assets/people.css?body=1" for 127.0.0.1 at 2013-07-23 14:58:19 -0300
Served asset /people.css - 304 Not Modified (0ms)


Started GET "/assets/application.js?body=1" for 127.0.0.1 at 2013-07-23 14:58:19 -0300
Served asset /application.js - 304 Not Modified (0ms)


Started PUT "/people/2" for 127.0.0.1 at 2013-07-23 14:58:27 -0300
Processing by PeopleController#update as HTML
  Parameters: {"utf8"=>"✓", "authenticity_token"=>"iiZF/NFRIp9pWq0g+wSkrq7pUW/zrPgU/4r5XQLgfMI=", "person"=>{"name"=>"Diego teste", "password"=>"[FILTERED]", "admin"=>"0"}, "commit"=>"Update Person", "id"=>"2"}
  [1m[35mPerson Load (0.1ms)[0m  SELECT "people".* FROM "people" WHERE "people"."id" = ? LIMIT 1  [["id", "2"]]
  [1m[36m (0.0ms)[0m  [1mbegin transaction[0m
  [1m[35m (0.1ms)[0m  UPDATE "people" SET "password" = '123456', "updated_at" = '2013-07-23 17:58:27.410280' WHERE "people"."id" = 2
  [1m[36m (147.5ms)[0m  [1mcommit transaction[0m
Redirected to http://localhost:3000/people/2
Completed 302 Found in 151ms (ActiveRecord: 147.8ms)


Started GET "/people/2" for 127.0.0.1 at 2013-07-23 14:58:27 -0300
Processing by PeopleController#show as HTML
  Parameters: {"id"=>"2"}
  [1m[35mPerson Load (0.1ms)[0m  SELECT "people".* FROM "people" WHERE "people"."id" = ? LIMIT 1  [["id", "2"]]
  Rendered people/show.html.erb within layouts/application (0.7ms)
Completed 200 OK in 15ms (Views: 14.0ms | ActiveRecord: 0.1ms)


Started GET "/assets/application.css?body=1" for 127.0.0.1 at 2013-07-23 14:58:27 -0300
Served asset /application.css - 304 Not Modified (0ms)


Started GET "/assets/scaffolds.css?body=1" for 127.0.0.1 at 2013-07-23 14:58:27 -0300
Served asset /scaffolds.css - 304 Not Modified (0ms)


Started GET "/assets/people.css?body=1" for 127.0.0.1 at 2013-07-23 14:58:27 -0300
Served asset /people.css - 304 Not Modified (0ms)


Started GET "/assets/jquery_ujs.js?body=1" for 127.0.0.1 at 2013-07-23 14:58:27 -0300
Served asset /jquery_ujs.js - 304 Not Modified (0ms)


Started GET "/assets/jquery.js?body=1" for 127.0.0.1 at 2013-07-23 14:58:27 -0300
Served asset /jquery.js - 304 Not Modified (1ms)


Started GET "/assets/application.js?body=1" for 127.0.0.1 at 2013-07-23 14:58:27 -0300
Served asset /application.js - 304 Not Modified (1ms)


Started GET "/assets/people.js?body=1" for 127.0.0.1 at 2013-07-23 14:58:27 -0300
Served asset /people.js - 304 Not Modified (0ms)


Started GET "/people" for 127.0.0.1 at 2013-07-23 14:58:29 -0300
Processing by PeopleController#index as HTML
  [1m[36mPerson Load (0.2ms)[0m  [1mSELECT "people".* FROM "people" [0m
  Rendered people/index.html.erb within layouts/application (2.7ms)
Completed 200 OK in 14ms (Views: 12.6ms | ActiveRecord: 0.2ms)


Started GET "/assets/application.css?body=1" for 127.0.0.1 at 2013-07-23 14:58:29 -0300
Served asset /application.css - 304 Not Modified (1ms)


Started GET "/assets/people.css?body=1" for 127.0.0.1 at 2013-07-23 14:58:29 -0300
Served asset /people.css - 304 Not Modified (0ms)


Started GET "/assets/jquery_ujs.js?body=1" for 127.0.0.1 at 2013-07-23 14:58:29 -0300
Served asset /jquery_ujs.js - 304 Not Modified (0ms)


Started GET "/assets/people.js?body=1" for 127.0.0.1 at 2013-07-23 14:58:29 -0300
Served asset /people.js - 304 Not Modified (0ms)


Started GET "/assets/jquery.js?body=1" for 127.0.0.1 at 2013-07-23 14:58:29 -0300
Served asset /jquery.js - 304 Not Modified (0ms)


Started GET "/assets/scaffolds.css?body=1" for 127.0.0.1 at 2013-07-23 14:58:29 -0300
Served asset /scaffolds.css - 304 Not Modified (0ms)


Started GET "/assets/application.js?body=1" for 127.0.0.1 at 2013-07-23 14:58:29 -0300
Served asset /application.js - 304 Not Modified (0ms)
Connecting to database specified by database.yml
  [1m[36m (0.7ms)[0m  [1mSELECT "schema_migrations"."version" FROM "schema_migrations" [0m
  [1m[35m (0.1ms)[0m  select sqlite_version(*)
  [1m[36m (156.3ms)[0m  [1mCREATE TABLE "people" ("id" INTEGER PRIMARY KEY AUTOINCREMENT NOT NULL, "name" varchar(50) NOT NULL, "password" varchar(50), "admin" boolean, "created_at" datetime NOT NULL, "updated_at" datetime NOT NULL) [0m
  [1m[35m (141.6ms)[0m  CREATE TABLE "schema_migrations" ("version" varchar(255) NOT NULL) 
  [1m[36m (150.4ms)[0m  [1mCREATE UNIQUE INDEX "unique_schema_migrations" ON "schema_migrations" ("version")[0m
  [1m[35m (0.1ms)[0m  SELECT version FROM "schema_migrations"
  [1m[36m (150.0ms)[0m  [1mINSERT INTO "schema_migrations" (version) VALUES ('20130723164126')[0m
Connecting to database specified by database.yml
  [1m[36m (0.7ms)[0m  [1mSELECT "schema_migrations"."version" FROM "schema_migrations" [0m
  [1m[35m (0.1ms)[0m  select sqlite_version(*)
  [1m[36m (178.1ms)[0m  [1mCREATE TABLE "people" ("id" INTEGER PRIMARY KEY AUTOINCREMENT NOT NULL, "name" varchar(50) NOT NULL, "password" varchar(50), "admin" boolean, "created_at" datetime NOT NULL, "updated_at" datetime NOT NULL) [0m
  [1m[35m (150.0ms)[0m  CREATE TABLE "schema_migrations" ("version" varchar(255) NOT NULL) 
  [1m[36m (150.4ms)[0m  [1mCREATE UNIQUE INDEX "unique_schema_migrations" ON "schema_migrations" ("version")[0m
  [1m[35m (0.1ms)[0m  SELECT version FROM "schema_migrations"
  [1m[36m (149.9ms)[0m  [1mINSERT INTO "schema_migrations" (version) VALUES ('20130723164126')[0m
